[INFO] main.go:main.main 2015-07-25 20:11:26 Start
[2015-07-25 12:19:09 UTC] [INFO] main.go:11 
[2015-07-25 12:19:49 UTC] [INFO] main.go:11 $Msg
[2015-07-25 12:20:12 UTC] [INFO] main.go:11 Start
[2015-07-25 12:30:54 UTC] [INFO] main.go:11 Start
[2015-07-25 12:45:18 UTC] [INFO] main.go:12 Start
[2015-07-25 12:45:20 UTC] [INFO] main.go:12 Start
[2015-07-25 12:45:21 UTC] [INFO] main.go:12 Start
[2015-07-25 12:45:22 UTC] [INFO] main.go:12 Start
[2015-07-25 12:45:29 UTC] [INFO] main.go:12 Start
[2015-07-25 12:45:30 UTC] [INFO] main.go:12 Start
[2015-07-25 12:45:31 UTC] [INFO] main.go:12 Start
[2015-07-25 12:45:32 UTC] [INFO] main.go:12 Start
[2015-07-25 12:45:33 UTC] [INFO] main.go:12 Start
[2015-07-25 12:45:34 UTC] [INFO] main.go:12 Start
[2015-07-25 16:49:27 UTC] [INFO] main.go:17 Start
[2015-07-25 16:50:37 UTC] [INFO] main.go:17 Start
[2015-07-25 16:51:38 UTC] [INFO] main.go:17 Start
[2015-07-25 16:52:48 UTC] [INFO] main.go:17 Start
[2015-07-25 16:58:47 UTC] [INFO] main.go:17 Start
[2015-07-25 16:59:18 UTC] [INFO] main.go:17 Start
[2015-07-26 03:41:44 UTC] [INFO] main.go:19 Start
[2015-07-26 03:42:25 UTC] [INFO] main.go:19 Start
[2015-07-26 03:42:45 UTC] [INFO] main.go:19 Start
[2015-07-26 03:42:48 UTC] [INFO] main.go:19 Start
[2015-07-26 03:43:08 UTC] [INFO] main.go:19 Start
[2015-07-26 03:57:18 UTC] [INFO] main.go:19 Start
[2015-07-26 04:01:15 UTC] [INFO] main.go:19 Start
[2015-07-26 04:01:38 UTC] [INFO] main.go:19 Start
[2015-07-26 04:02:47 UTC] [INFO] main.go:19 Start
[2015-07-26 04:04:31 UTC] [INFO] main.go:19 Start
[2015-07-26 04:04:34 UTC] [INFO] main.go:19 Start
[2015-07-26 04:05:07 UTC] [INFO] main.go:19 Start
[2015-07-26 04:09:30 UTC] [INFO] main.go:19 Start
[2015-07-26 04:10:07 UTC] [INFO] main.go:19 Start
[2015-07-26 04:10:34 UTC] [INFO] main.go:19 Start
[2015-07-26 04:11:06 UTC] [INFO] main.go:19 Start
[2015-07-26 04:11:14 UTC] [INFO] main.go:19 Start
[2015-07-26 04:12:16 UTC] [INFO] main.go:19 Start
[2015-07-26 04:12:59 UTC] [INFO] main.go:19 Start
[2015-07-26 04:17:43 UTC] [INFO] main.go:19 Start
[2015-07-26 04:18:01 UTC] [INFO] main.go:19 Start
[2015-07-26 04:19:07 UTC] [INFO] main.go:19 Start
[2015-07-26 04:19:38 UTC] [INFO] main.go:19 Start
[2015-07-26 04:21:36 UTC] [INFO] main.go:19 Start
[2015-07-26 04:35:42 UTC] [INFO] main.go:19 Start
[2015-07-26 04:37:04 UTC] [INFO] main.go:19 Start
[2015-07-26 04:37:40 UTC] [INFO] main.go:19 Start
[2015-07-26 04:38:41 UTC] [INFO] main.go:19 Start
[2015-07-26 04:39:12 UTC] [INFO] main.go:19 Start
[2015-07-26 04:40:10 UTC] [INFO] main.go:19 Start
[2015-07-26 04:40:10 UTC] [INFO] email.go:120 [Email Task Json] {"id": 2, "ip": "127.0.0.1", "email_from": "test@test.com", "email_subject": "subject", "email_body": "body", "email_type": 1, "email_to_users": "463785757@qq.com", "notification_time": "1437939248", "create_time": "2015-07-26T04:35:13.853872Z", "is_done": false}
[2015-07-26 04:40:10 UTC] [INFO] email.go:120 [Email Task Json] {"id": 3, "ip": "127.0.0.1", "email_from": "test@test.com", "email_subject": "subject", "email_body": "body", "email_type": 1, "email_to_users": "463785757@qq.com", "notification_time": "1437939248", "create_time": "2015-07-26T04:35:15.789104Z", "is_done": false}
[2015-07-26 04:40:10 UTC] [INFO] email.go:120 [Email Task Json] {"id": 4, "ip": "127.0.0.1", "email_from": "test@test.com", "email_subject": "subject", "email_body": "body", "email_type": 1, "email_to_users": "463785757@qq.com", "notification_time": "1437939248", "create_time": "2015-07-26T04:35:16.325818Z", "is_done": false}
[2015-07-26 04:40:38 UTC] [INFO] main.go:19 Start
[2015-07-26 04:40:38 UTC] [INFO] email.go:120 [Email Task Json] {"id": 2, "ip": "127.0.0.1", "email_from": "test@test.com", "email_subject": "subject", "email_body": "body", "email_type": 1, "email_to_users": "463785757@qq.com", "notification_time": "1437939248", "create_time": "2015-07-26T04:35:13.853872Z", "is_done": false}
[2015-07-26 04:40:38 UTC] [INFO] email.go:120 [Email Task Json] {"id": 3, "ip": "127.0.0.1", "email_from": "test@test.com", "email_subject": "subject", "email_body": "body", "email_type": 1, "email_to_users": "463785757@qq.com", "notification_time": "1437939248", "create_time": "2015-07-26T04:35:15.789104Z", "is_done": false}
[2015-07-26 04:40:38 UTC] [INFO] email.go:120 [Email Task Json] {"id": 4, "ip": "127.0.0.1", "email_from": "test@test.com", "email_subject": "subject", "email_body": "body", "email_type": 1, "email_to_users": "463785757@qq.com", "notification_time": "1437939248", "create_time": "2015-07-26T04:35:16.325818Z", "is_done": false}
[2015-07-26 04:42:14 UTC] [INFO] main.go:19 Start
[2015-07-26 04:42:14 UTC] [INFO] email.go:120 [Email Task Json] {"id": 2, "ip": "127.0.0.1", "email_from": "test@test.com", "email_subject": "subject", "email_body": "body", "email_type": 1, "email_to_users": "463785757@qq.com", "notification_time": "1437939248", "create_time": "2015-07-26T04:35:13.853872Z", "is_done": false}
[2015-07-26 04:42:14 UTC] [INFO] email.go:120 [Email Task Json] {"id": 3, "ip": "127.0.0.1", "email_from": "test@test.com", "email_subject": "subject", "email_body": "body", "email_type": 1, "email_to_users": "463785757@qq.com", "notification_time": "1437939248", "create_time": "2015-07-26T04:35:15.789104Z", "is_done": false}
[2015-07-26 04:42:14 UTC] [INFO] email.go:120 [Email Task Json] {"id": 4, "ip": "127.0.0.1", "email_from": "test@test.com", "email_subject": "subject", "email_body": "body", "email_type": 1, "email_to_users": "463785757@qq.com", "notification_time": "1437939248", "create_time": "2015-07-26T04:35:16.325818Z", "is_done": false}
[2015-07-26 04:42:21 UTC] [INFO] main.go:19 Start
